-- Found ament_cmake: 2.5.4 (/opt/ros/jazzy/share/ament_cmake/cmake)
-- Found rclcpp: 28.1.13 (/opt/ros/jazzy/share/rclcpp/cmake)
-- Found rosidl_generator_c: 4.6.6 (/opt/ros/jazzy/share/rosidl_generator_c/cmake)
-- Found rosidl_generator_cpp: 4.6.6 (/opt/ros/jazzy/share/rosidl_generator_cpp/cmake)
-- Using all available rosidl_typesupport_c: rosidl_typesupport_fastrtps_c;rosidl_typesupport_introspection_c
-- Using all available rosidl_typesupport_cpp: rosidl_typesupport_fastrtps_cpp;rosidl_typesupport_introspection_cpp
-- Found rmw_implementation_cmake: 7.3.2 (/opt/ros/jazzy/share/rmw_implementation_cmake/cmake)
-- Found rmw_fastrtps_cpp: 8.4.3 (/opt/ros/jazzy/share/rmw_fastrtps_cpp/cmake)
-- Using RMW implementation 'rmw_fastrtps_cpp' as default
-- Found ament_lint_auto: 0.17.3 (/opt/ros/jazzy/share/ament_lint_auto/cmake)
-- Added test 'copyright' to check source files copyright and LICENSE
-- Added test 'cppcheck' to perform static code analysis on C / C++ code
-- Configured cppcheck include dirs: 
-- Configured cppcheck exclude dirs and/or files: 
-- Added test 'cpplint' to check C / C++ code against the Google style
-- Configured cpplint exclude dirs and/or files: 
-- Added test 'flake8' to check Python code syntax and style conventions
-- Configured 'flake8' exclude dirs and/or files: 
-- Added test 'lint_cmake' to check CMake code style
-- Added test 'pep257' to check Python code against some of the docstring style conventions in PEP 257
-- Added test 'uncrustify' to check C / C++ code style
-- Configured uncrustify additional arguments: 
-- Added test 'xmllint' to check XML markup files
-- Configuring done (1.8s)
-- Generating done (0.0s)
-- Build files have been written to: /home/mannava/Desktop/simple-hello-world-node-Mannava-Daasaradhi/build/ros2_hello_world
[ 50%] [32mBuilding CXX object CMakeFiles/hello_node.dir/src/hello_node.cpp.o[0m
[100%] [32m[1mLinking CXX executable hello_node[0m
[100%] Built target hello_node
-- Install configuration: ""
-- Installing: /home/mannava/Desktop/simple-hello-world-node-Mannava-Daasaradhi/install/ros2_hello_world/lib/ros2_hello_world/hello_node
-- Set non-toolchain portion of runtime path of "/home/mannava/Desktop/simple-hello-world-node-Mannava-Daasaradhi/install/ros2_hello_world/lib/ros2_hello_world/hello_node" to ""
-- Up-to-date: /home/mannava/Desktop/simple-hello-world-node-Mannava-Daasaradhi/install/ros2_hello_world/share/ament_index/resource_index/package_run_dependencies/ros2_hello_world
-- Installing: /home/mannava/Desktop/simple-hello-world-node-Mannava-Daasaradhi/install/ros2_hello_world/share/ament_index/resource_index/parent_prefix_path/ros2_hello_world
-- Up-to-date: /home/mannava/Desktop/simple-hello-world-node-Mannava-Daasaradhi/install/ros2_hello_world/share/ros2_hello_world/environment/ament_prefix_path.sh
-- Up-to-date: /home/mannava/Desktop/simple-hello-world-node-Mannava-Daasaradhi/install/ros2_hello_world/share/ros2_hello_world/environment/ament_prefix_path.dsv
-- Up-to-date: /home/mannava/Desktop/simple-hello-world-node-Mannava-Daasaradhi/install/ros2_hello_world/share/ros2_hello_world/environment/path.sh
-- Up-to-date: /home/mannava/Desktop/simple-hello-world-node-Mannava-Daasaradhi/install/ros2_hello_world/share/ros2_hello_world/environment/path.dsv
-- Up-to-date: /home/mannava/Desktop/simple-hello-world-node-Mannava-Daasaradhi/install/ros2_hello_world/share/ros2_hello_world/local_setup.bash
-- Up-to-date: /home/mannava/Desktop/simple-hello-world-node-Mannava-Daasaradhi/install/ros2_hello_world/share/ros2_hello_world/local_setup.sh
-- Up-to-date: /home/mannava/Desktop/simple-hello-world-node-Mannava-Daasaradhi/install/ros2_hello_world/share/ros2_hello_world/local_setup.zsh
-- Up-to-date: /home/mannava/Desktop/simple-hello-world-node-Mannava-Daasaradhi/install/ros2_hello_world/share/ros2_hello_world/local_setup.dsv
-- Up-to-date: /home/mannava/Desktop/simple-hello-world-node-Mannava-Daasaradhi/install/ros2_hello_world/share/ros2_hello_world/package.dsv
-- Up-to-date: /home/mannava/Desktop/simple-hello-world-node-Mannava-Daasaradhi/install/ros2_hello_world/share/ament_index/resource_index/packages/ros2_hello_world
-- Up-to-date: /home/mannava/Desktop/simple-hello-world-node-Mannava-Daasaradhi/install/ros2_hello_world/share/ros2_hello_world/cmake/ros2_hello_worldConfig.cmake
-- Up-to-date: /home/mannava/Desktop/simple-hello-world-node-Mannava-Daasaradhi/install/ros2_hello_world/share/ros2_hello_world/cmake/ros2_hello_worldConfig-version.cmake
-- Up-to-date: /home/mannava/Desktop/simple-hello-world-node-Mannava-Daasaradhi/install/ros2_hello_world/share/ros2_hello_world/package.xml
