[0.007s] Invoking command in '/home/mannava/Desktop/simple-hello-world-node-Mannava-Daasaradhi/build/ros2_hello_world': CMAKE_PREFIX_PATH=${CMAKE_PREFIX_PATH}:/opt/ros/jazzy /usr/bin/cmake --build /home/mannava/Desktop/simple-hello-world-node-Mannava-Daasaradhi/build/ros2_hello_world -- -j32 -l32
[0.027s] -- Found ament_cmake: 2.5.4 (/opt/ros/jazzy/share/ament_cmake/cmake)
[1.497s] -- Found rclcpp: 28.1.13 (/opt/ros/jazzy/share/rclcpp/cmake)
[1.511s] -- Found rosidl_generator_c: 4.6.6 (/opt/ros/jazzy/share/rosidl_generator_c/cmake)
[1.515s] -- Found rosidl_generator_cpp: 4.6.6 (/opt/ros/jazzy/share/rosidl_generator_cpp/cmake)
[1.520s] -- Using all available rosidl_typesupport_c: rosidl_typesupport_fastrtps_c;rosidl_typesupport_introspection_c
[1.526s] -- Using all available rosidl_typesupport_cpp: rosidl_typesupport_fastrtps_cpp;rosidl_typesupport_introspection_cpp
[1.555s] -- Found rmw_implementation_cmake: 7.3.2 (/opt/ros/jazzy/share/rmw_implementation_cmake/cmake)
[1.556s] -- Found rmw_fastrtps_cpp: 8.4.3 (/opt/ros/jazzy/share/rmw_fastrtps_cpp/cmake)
[1.595s] -- Using RMW implementation 'rmw_fastrtps_cpp' as default
[1.629s] -- Found ament_lint_auto: 0.17.3 (/opt/ros/jazzy/share/ament_lint_auto/cmake)
[1.839s] -- Added test 'copyright' to check source files copyright and LICENSE
[1.843s] -- Added test 'cppcheck' to perform static code analysis on C / C++ code
[1.843s] -- Configured cppcheck include dirs: 
[1.843s] -- Configured cppcheck exclude dirs and/or files: 
[1.846s] -- Added test 'cpplint' to check C / C++ code against the Google style
[1.846s] -- Configured cpplint exclude dirs and/or files: 
[1.847s] -- Added test 'flake8' to check Python code syntax and style conventions
[1.847s] -- Configured 'flake8' exclude dirs and/or files: 
[1.848s] -- Added test 'lint_cmake' to check CMake code style
[1.848s] -- Added test 'pep257' to check Python code against some of the docstring style conventions in PEP 257
[1.852s] -- Added test 'uncrustify' to check C / C++ code style
[1.852s] -- Configured uncrustify additional arguments: 
[1.853s] -- Added test 'xmllint' to check XML markup files
[1.853s] -- Configuring done (1.8s)
[1.858s] -- Generating done (0.0s)
[1.860s] -- Build files have been written to: /home/mannava/Desktop/simple-hello-world-node-Mannava-Daasaradhi/build/ros2_hello_world
[1.889s] [ 50%] [32mBuilding CXX object CMakeFiles/hello_node.dir/src/hello_node.cpp.o[0m
[3.266s] [100%] [32m[1mLinking CXX executable hello_node[0m
[3.359s] [100%] Built target hello_node
[3.368s] Invoked command in '/home/mannava/Desktop/simple-hello-world-node-Mannava-Daasaradhi/build/ros2_hello_world' returned '0': CMAKE_PREFIX_PATH=${CMAKE_PREFIX_PATH}:/opt/ros/jazzy /usr/bin/cmake --build /home/mannava/Desktop/simple-hello-world-node-Mannava-Daasaradhi/build/ros2_hello_world -- -j32 -l32
[3.380s] Invoking command in '/home/mannava/Desktop/simple-hello-world-node-Mannava-Daasaradhi/build/ros2_hello_world': CMAKE_PREFIX_PATH=${CMAKE_PREFIX_PATH}:/opt/ros/jazzy /usr/bin/cmake --install /home/mannava/Desktop/simple-hello-world-node-Mannava-Daasaradhi/build/ros2_hello_world
[3.390s] -- Install configuration: ""
[3.390s] -- Installing: /home/mannava/Desktop/simple-hello-world-node-Mannava-Daasaradhi/install/ros2_hello_world/lib/ros2_hello_world/hello_node
[3.390s] -- Set non-toolchain portion of runtime path of "/home/mannava/Desktop/simple-hello-world-node-Mannava-Daasaradhi/install/ros2_hello_world/lib/ros2_hello_world/hello_node" to ""
[3.390s] -- Up-to-date: /home/mannava/Desktop/simple-hello-world-node-Mannava-Daasaradhi/install/ros2_hello_world/share/ament_index/resource_index/package_run_dependencies/ros2_hello_world
[3.390s] -- Installing: /home/mannava/Desktop/simple-hello-world-node-Mannava-Daasaradhi/install/ros2_hello_world/share/ament_index/resource_index/parent_prefix_path/ros2_hello_world
[3.390s] -- Up-to-date: /home/mannava/Desktop/simple-hello-world-node-Mannava-Daasaradhi/install/ros2_hello_world/share/ros2_hello_world/environment/ament_prefix_path.sh
[3.390s] -- Up-to-date: /home/mannava/Desktop/simple-hello-world-node-Mannava-Daasaradhi/install/ros2_hello_world/share/ros2_hello_world/environment/ament_prefix_path.dsv
[3.391s] -- Up-to-date: /home/mannava/Desktop/simple-hello-world-node-Mannava-Daasaradhi/install/ros2_hello_world/share/ros2_hello_world/environment/path.sh
[3.391s] -- Up-to-date: /home/mannava/Desktop/simple-hello-world-node-Mannava-Daasaradhi/install/ros2_hello_world/share/ros2_hello_world/environment/path.dsv
[3.391s] -- Up-to-date: /home/mannava/Desktop/simple-hello-world-node-Mannava-Daasaradhi/install/ros2_hello_world/share/ros2_hello_world/local_setup.bash
[3.391s] -- Up-to-date: /home/mannava/Desktop/simple-hello-world-node-Mannava-Daasaradhi/install/ros2_hello_world/share/ros2_hello_world/local_setup.sh
[3.391s] -- Up-to-date: /home/mannava/Desktop/simple-hello-world-node-Mannava-Daasaradhi/install/ros2_hello_world/share/ros2_hello_world/local_setup.zsh
[3.391s] -- Up-to-date: /home/mannava/Desktop/simple-hello-world-node-Mannava-Daasaradhi/install/ros2_hello_world/share/ros2_hello_world/local_setup.dsv
[3.391s] -- Up-to-date: /home/mannava/Desktop/simple-hello-world-node-Mannava-Daasaradhi/install/ros2_hello_world/share/ros2_hello_world/package.dsv
[3.391s] -- Up-to-date: /home/mannava/Desktop/simple-hello-world-node-Mannava-Daasaradhi/install/ros2_hello_world/share/ament_index/resource_index/packages/ros2_hello_world
[3.391s] -- Up-to-date: /home/mannava/Desktop/simple-hello-world-node-Mannava-Daasaradhi/install/ros2_hello_world/share/ros2_hello_world/cmake/ros2_hello_worldConfig.cmake
[3.391s] -- Up-to-date: /home/mannava/Desktop/simple-hello-world-node-Mannava-Daasaradhi/install/ros2_hello_world/share/ros2_hello_world/cmake/ros2_hello_worldConfig-version.cmake
[3.391s] -- Up-to-date: /home/mannava/Desktop/simple-hello-world-node-Mannava-Daasaradhi/install/ros2_hello_world/share/ros2_hello_world/package.xml
[3.392s] Invoked command in '/home/mannava/Desktop/simple-hello-world-node-Mannava-Daasaradhi/build/ros2_hello_world' returned '0': CMAKE_PREFIX_PATH=${CMAKE_PREFIX_PATH}:/opt/ros/jazzy /usr/bin/cmake --install /home/mannava/Desktop/simple-hello-world-node-Mannava-Daasaradhi/build/ros2_hello_world
