[0.008s] Invoking command in '/home/mannava/Desktop/simple-hello-world-node-Mannava-Daasaradhi/build/ros2_hello_world': CMAKE_PREFIX_PATH=${CMAKE_PREFIX_PATH}:/opt/ros/jazzy /usr/bin/cmake /home/mannava/Desktop/simple-hello-world-node-Mannava-Daasaradhi -DCMAKE_INSTALL_PREFIX=/home/mannava/Desktop/simple-hello-world-node-Mannava-Daasaradhi/install/ros2_hello_world
[0.183s] -- The C compiler identification is GNU 13.3.0
[0.290s] -- The CXX compiler identification is GNU 13.3.0
[0.319s] -- Detecting C compiler ABI info
[0.516s] -- Detecting C compiler ABI info - done
[0.527s] -- Check for working C compiler: /usr/bin/cc - skipped
[0.527s] -- Detecting C compile features
[0.528s] -- Detecting C compile features - done
[0.548s] -- Detecting CXX compiler ABI info
[0.741s] -- Detecting CXX compiler ABI info - done
[0.755s] -- Check for working CXX compiler: /usr/bin/c++ - skipped
[0.755s] -- Detecting CXX compile features
[0.756s] -- Detecting CXX compile features - done
[0.903s] -- Found ament_cmake: 2.5.4 (/opt/ros/jazzy/share/ament_cmake/cmake)
[2.188s] -- Found Python3: /home/mannava/.pyenv/shims/python3 (found version "3.12.3") found components: Interpreter 
[2.477s] -- Found rclcpp: 28.1.13 (/opt/ros/jazzy/share/rclcpp/cmake)
[2.522s] -- Found rosidl_generator_c: 4.6.6 (/opt/ros/jazzy/share/rosidl_generator_c/cmake)
[2.533s] -- Found rosidl_generator_cpp: 4.6.6 (/opt/ros/jazzy/share/rosidl_generator_cpp/cmake)
[2.548s] -- Using all available rosidl_typesupport_c: rosidl_typesupport_fastrtps_c;rosidl_typesupport_introspection_c
[2.571s] -- Using all available rosidl_typesupport_cpp: rosidl_typesupport_fastrtps_cpp;rosidl_typesupport_introspection_cpp
[2.646s] -- Found rmw_implementation_cmake: 7.3.2 (/opt/ros/jazzy/share/rmw_implementation_cmake/cmake)
[2.648s] -- Found rmw_fastrtps_cpp: 8.4.3 (/opt/ros/jazzy/share/rmw_fastrtps_cpp/cmake)
[2.844s] -- Found OpenSSL: /usr/lib/x86_64-linux-gnu/libcrypto.so (found version "3.0.13")  
[2.883s] -- Found FastRTPS: /opt/ros/jazzy/include (Required is at least version "2.13") 
[2.901s] -- Using RMW implementation 'rmw_fastrtps_cpp' as default
[2.971s] -- Found ament_lint_auto: 0.17.3 (/opt/ros/jazzy/share/ament_lint_auto/cmake)
[3.188s] -- Added test 'copyright' to check source files copyright and LICENSE
[3.191s] -- Added test 'cppcheck' to perform static code analysis on C / C++ code
[3.191s] -- Configured cppcheck include dirs: 
[3.191s] -- Configured cppcheck exclude dirs and/or files: 
[3.194s] -- Added test 'cpplint' to check C / C++ code against the Google style
[3.194s] -- Configured cpplint exclude dirs and/or files: 
[3.195s] -- Added test 'lint_cmake' to check CMake code style
[3.198s] -- Added test 'uncrustify' to check C / C++ code style
[3.198s] -- Configured uncrustify additional arguments: 
[3.199s] -- Added test 'xmllint' to check XML markup files
[3.200s] -- Configuring done (3.2s)
[3.202s] -- Generating done (0.0s)
[3.204s] -- Build files have been written to: /home/mannava/Desktop/simple-hello-world-node-Mannava-Daasaradhi/build/ros2_hello_world
[3.211s] Invoked command in '/home/mannava/Desktop/simple-hello-world-node-Mannava-Daasaradhi/build/ros2_hello_world' returned '0': CMAKE_PREFIX_PATH=${CMAKE_PREFIX_PATH}:/opt/ros/jazzy /usr/bin/cmake /home/mannava/Desktop/simple-hello-world-node-Mannava-Daasaradhi -DCMAKE_INSTALL_PREFIX=/home/mannava/Desktop/simple-hello-world-node-Mannava-Daasaradhi/install/ros2_hello_world
[3.212s] Invoking command in '/home/mannava/Desktop/simple-hello-world-node-Mannava-Daasaradhi/build/ros2_hello_world': CMAKE_PREFIX_PATH=${CMAKE_PREFIX_PATH}:/opt/ros/jazzy /usr/bin/cmake --build /home/mannava/Desktop/simple-hello-world-node-Mannava-Daasaradhi/build/ros2_hello_world -- -j32 -l32
[3.246s] Invoked command in '/home/mannava/Desktop/simple-hello-world-node-Mannava-Daasaradhi/build/ros2_hello_world' returned '0': CMAKE_PREFIX_PATH=${CMAKE_PREFIX_PATH}:/opt/ros/jazzy /usr/bin/cmake --build /home/mannava/Desktop/simple-hello-world-node-Mannava-Daasaradhi/build/ros2_hello_world -- -j32 -l32
[3.261s] Invoking command in '/home/mannava/Desktop/simple-hello-world-node-Mannava-Daasaradhi/build/ros2_hello_world': CMAKE_PREFIX_PATH=${CMAKE_PREFIX_PATH}:/opt/ros/jazzy /usr/bin/cmake --install /home/mannava/Desktop/simple-hello-world-node-Mannava-Daasaradhi/build/ros2_hello_world
[3.269s] -- Install configuration: ""
[3.269s] -- Installing: /home/mannava/Desktop/simple-hello-world-node-Mannava-Daasaradhi/install/ros2_hello_world/share/ament_index/resource_index/package_run_dependencies/ros2_hello_world
[3.269s] -- Installing: /home/mannava/Desktop/simple-hello-world-node-Mannava-Daasaradhi/install/ros2_hello_world/share/ament_index/resource_index/parent_prefix_path/ros2_hello_world
[3.269s] -- Installing: /home/mannava/Desktop/simple-hello-world-node-Mannava-Daasaradhi/install/ros2_hello_world/share/ros2_hello_world/environment/ament_prefix_path.sh
[3.269s] -- Installing: /home/mannava/Desktop/simple-hello-world-node-Mannava-Daasaradhi/install/ros2_hello_world/share/ros2_hello_world/environment/ament_prefix_path.dsv
[3.269s] -- Installing: /home/mannava/Desktop/simple-hello-world-node-Mannava-Daasaradhi/install/ros2_hello_world/share/ros2_hello_world/environment/path.sh
[3.269s] -- Installing: /home/mannava/Desktop/simple-hello-world-node-Mannava-Daasaradhi/install/ros2_hello_world/share/ros2_hello_world/environment/path.dsv
[3.269s] -- Installing: /home/mannava/Desktop/simple-hello-world-node-Mannava-Daasaradhi/install/ros2_hello_world/share/ros2_hello_world/local_setup.bash
[3.269s] -- Installing: /home/mannava/Desktop/simple-hello-world-node-Mannava-Daasaradhi/install/ros2_hello_world/share/ros2_hello_world/local_setup.sh
[3.270s] -- Installing: /home/mannava/Desktop/simple-hello-world-node-Mannava-Daasaradhi/install/ros2_hello_world/share/ros2_hello_world/local_setup.zsh
[3.270s] -- Installing: /home/mannava/Desktop/simple-hello-world-node-Mannava-Daasaradhi/install/ros2_hello_world/share/ros2_hello_world/local_setup.dsv
[3.270s] -- Installing: /home/mannava/Desktop/simple-hello-world-node-Mannava-Daasaradhi/install/ros2_hello_world/share/ros2_hello_world/package.dsv
[3.270s] -- Installing: /home/mannava/Desktop/simple-hello-world-node-Mannava-Daasaradhi/install/ros2_hello_world/share/ament_index/resource_index/packages/ros2_hello_world
[3.270s] -- Installing: /home/mannava/Desktop/simple-hello-world-node-Mannava-Daasaradhi/install/ros2_hello_world/share/ros2_hello_world/cmake/ros2_hello_worldConfig.cmake
[3.270s] -- Installing: /home/mannava/Desktop/simple-hello-world-node-Mannava-Daasaradhi/install/ros2_hello_world/share/ros2_hello_world/cmake/ros2_hello_worldConfig-version.cmake
[3.270s] -- Installing: /home/mannava/Desktop/simple-hello-world-node-Mannava-Daasaradhi/install/ros2_hello_world/share/ros2_hello_world/package.xml
[3.272s] Invoked command in '/home/mannava/Desktop/simple-hello-world-node-Mannava-Daasaradhi/build/ros2_hello_world' returned '0': CMAKE_PREFIX_PATH=${CMAKE_PREFIX_PATH}:/opt/ros/jazzy /usr/bin/cmake --install /home/mannava/Desktop/simple-hello-world-node-Mannava-Daasaradhi/build/ros2_hello_world
