[0.101s] DEBUG:colcon:Command line arguments: ['/usr/bin/colcon', 'build', '--packages-select', 'ros2_hello_world']
[0.101s] DEBUG:colcon:Parsed command line arguments: Namespace(log_base=None, log_level=None, verb_name='build', build_base='build', install_base='install', merge_install=False, symlink_install=False, test_result_base=None, continue_on_error=False, executor='parallel', parallel_workers=32, event_handlers=None, ignore_user_meta=False, metas=['./colcon.meta'], base_paths=['.'], packages_ignore=None, packages_ignore_regex=None, paths=None, packages_up_to=None, packages_up_to_regex=None, packages_above=None, packages_above_and_dependencies=None, packages_above_depth=None, packages_select_by_dep=None, packages_skip_by_dep=None, packages_skip_up_to=None, packages_select_build_failed=False, packages_skip_build_finished=False, packages_select_test_failures=False, packages_skip_test_passed=False, packages_select=['ros2_hello_world'], packages_skip=None, packages_select_regex=None, packages_skip_regex=None, packages_start=None, packages_end=None, allow_overriding=[], cmake_args=None, cmake_target=None, cmake_target_skip_unavailable=False, cmake_clean_cache=False, cmake_clean_first=False, cmake_force_configure=False, ament_cmake_args=None, catkin_cmake_args=None, catkin_skip_building_tests=False, mixin_files=None, mixin=None, verb_parser=<colcon_mixin.mixin.mixin_argument.MixinArgumentDecorator object at 0x791fbc027320>, verb_extension=<colcon_core.verb.build.BuildVerb object at 0x791fbb18f1a0>, main=<bound method BuildVerb.main of <colcon_core.verb.build.BuildVerb object at 0x791fbb18f1a0>>, mixin_verb=('build',))
[0.142s] Level 1:colcon.colcon_core.package_discovery:discover_packages(colcon_meta) check parameters
[0.142s] Level 1:colcon.colcon_core.package_discovery:discover_packages(recursive) check parameters
[0.142s] Level 1:colcon.colcon_core.package_discovery:discover_packages(ignore) check parameters
[0.142s] Level 1:colcon.colcon_core.package_discovery:discover_packages(path) check parameters
[0.142s] Level 1:colcon.colcon_core.package_discovery:discover_packages(colcon_meta) discover
[0.142s] Level 1:colcon.colcon_core.package_discovery:discover_packages(recursive) discover
[0.142s] INFO:colcon.colcon_core.package_discovery:Crawling recursively for packages in '/home/mannava/Desktop/simple-hello-world-node-Mannava-Daasaradhi'
[0.142s] Level 1:colcon.colcon_core.package_identification:_identify(.) by extensions ['ignore', 'ignore_ament_install']
[0.142s] Level 1:colcon.colcon_core.package_identification:_identify(.) by extension 'ignore'
[0.142s] Level 1:colcon.colcon_core.package_identification:_identify(.) by extension 'ignore_ament_install'
[0.142s] Level 1:colcon.colcon_core.package_identification:_identify(.) by extensions ['colcon_pkg']
[0.142s] Level 1:colcon.colcon_core.package_identification:_identify(.) by extension 'colcon_pkg'
[0.142s] Level 1:colcon.colcon_core.package_identification:_identify(.) by extensions ['colcon_meta']
[0.142s] Level 1:colcon.colcon_core.package_identification:_identify(.) by extension 'colcon_meta'
[0.142s] Level 1:colcon.colcon_core.package_identification:_identify(.) by extensions ['ros']
[0.142s] Level 1:colcon.colcon_core.package_identification:_identify(.) by extension 'ros'
[0.163s] DEBUG:colcon.colcon_core.package_identification:Package '.' with type 'ros.ament_cmake' and name 'ros2_hello_world'
[0.163s] Level 1:colcon.colcon_core.package_discovery:discover_packages(recursive) using defaults
[0.163s] Level 1:colcon.colcon_core.package_discovery:discover_packages(ignore) discover
[0.163s] Level 1:colcon.colcon_core.package_discovery:discover_packages(ignore) using defaults
[0.163s] Level 1:colcon.colcon_core.package_discovery:discover_packages(path) discover
[0.163s] Level 1:colcon.colcon_core.package_discovery:discover_packages(path) using defaults
[0.174s] Level 1:colcon.colcon_core.package_discovery:discover_packages(prefix_path) check parameters
[0.174s] Level 1:colcon.colcon_core.package_discovery:discover_packages(prefix_path) discover
[0.176s] DEBUG:colcon.colcon_installed_package_information.package_discovery:Found 429 installed packages in /opt/ros/jazzy
[0.177s] Level 1:colcon.colcon_core.package_discovery:discover_packages(prefix_path) using defaults
[0.202s] Level 5:colcon.colcon_core.verb:set package 'ros2_hello_world' build argument 'cmake_args' from command line to 'None'
[0.202s] Level 5:colcon.colcon_core.verb:set package 'ros2_hello_world' build argument 'cmake_target' from command line to 'None'
[0.202s] Level 5:colcon.colcon_core.verb:set package 'ros2_hello_world' build argument 'cmake_target_skip_unavailable' from command line to 'False'
[0.202s] Level 5:colcon.colcon_core.verb:set package 'ros2_hello_world' build argument 'cmake_clean_cache' from command line to 'False'
[0.202s] Level 5:colcon.colcon_core.verb:set package 'ros2_hello_world' build argument 'cmake_clean_first' from command line to 'False'
[0.202s] Level 5:colcon.colcon_core.verb:set package 'ros2_hello_world' build argument 'cmake_force_configure' from command line to 'False'
[0.202s] Level 5:colcon.colcon_core.verb:set package 'ros2_hello_world' build argument 'ament_cmake_args' from command line to 'None'
[0.202s] Level 5:colcon.colcon_core.verb:set package 'ros2_hello_world' build argument 'catkin_cmake_args' from command line to 'None'
[0.202s] Level 5:colcon.colcon_core.verb:set package 'ros2_hello_world' build argument 'catkin_skip_building_tests' from command line to 'False'
[0.202s] DEBUG:colcon.colcon_core.verb:Building package 'ros2_hello_world' with the following arguments: {'ament_cmake_args': None, 'build_base': '/home/mannava/Desktop/simple-hello-world-node-Mannava-Daasaradhi/build/ros2_hello_world', 'catkin_cmake_args': None, 'catkin_skip_building_tests': False, 'cmake_args': None, 'cmake_clean_cache': False, 'cmake_clean_first': False, 'cmake_force_configure': False, 'cmake_target': None, 'cmake_target_skip_unavailable': False, 'install_base': '/home/mannava/Desktop/simple-hello-world-node-Mannava-Daasaradhi/install/ros2_hello_world', 'merge_install': False, 'path': '/home/mannava/Desktop/simple-hello-world-node-Mannava-Daasaradhi', 'symlink_install': False, 'test_result_base': None}
[0.202s] INFO:colcon.colcon_core.executor:Executing jobs using 'parallel' executor
[0.202s] DEBUG:colcon.colcon_parallel_executor.executor.parallel:run_until_complete
[0.202s] INFO:colcon.colcon_ros.task.ament_cmake.build:Building ROS package in '/home/mannava/Desktop/simple-hello-world-node-Mannava-Daasaradhi' with build type 'ament_cmake'
[0.203s] INFO:colcon.colcon_cmake.task.cmake.build:Building CMake package in '/home/mannava/Desktop/simple-hello-world-node-Mannava-Daasaradhi'
[0.205s] INFO:colcon.colcon_core.plugin_system:Skipping extension 'colcon_core.shell.bat': Not used on non-Windows systems
[0.205s] INFO:colcon.colcon_core.shell:Skip shell extension 'powershell' for command environment: Not usable outside of PowerShell
[0.205s] DEBUG:colcon.colcon_core.shell:Skip shell extension 'dsv' for command environment
[0.211s] DEBUG:colcon.colcon_core.event_handler.log_command:Invoking command in '/home/mannava/Desktop/simple-hello-world-node-Mannava-Daasaradhi/build/ros2_hello_world': CMAKE_PREFIX_PATH=${CMAKE_PREFIX_PATH}:/opt/ros/jazzy /usr/bin/cmake /home/mannava/Desktop/simple-hello-world-node-Mannava-Daasaradhi -DCMAKE_INSTALL_PREFIX=/home/mannava/Desktop/simple-hello-world-node-Mannava-Daasaradhi/install/ros2_hello_world
[3.414s] DEBUG:colcon.colcon_core.event_handler.log_command:Invoked command in '/home/mannava/Desktop/simple-hello-world-node-Mannava-Daasaradhi/build/ros2_hello_world' returned '0': CMAKE_PREFIX_PATH=${CMAKE_PREFIX_PATH}:/opt/ros/jazzy /usr/bin/cmake /home/mannava/Desktop/simple-hello-world-node-Mannava-Daasaradhi -DCMAKE_INSTALL_PREFIX=/home/mannava/Desktop/simple-hello-world-node-Mannava-Daasaradhi/install/ros2_hello_world
[3.414s] DEBUG:colcon.colcon_core.event_handler.log_command:Invoking command in '/home/mannava/Desktop/simple-hello-world-node-Mannava-Daasaradhi/build/ros2_hello_world': CMAKE_PREFIX_PATH=${CMAKE_PREFIX_PATH}:/opt/ros/jazzy /usr/bin/cmake --build /home/mannava/Desktop/simple-hello-world-node-Mannava-Daasaradhi/build/ros2_hello_world -- -j32 -l32
[3.449s] DEBUG:colcon.colcon_core.event_handler.log_command:Invoked command in '/home/mannava/Desktop/simple-hello-world-node-Mannava-Daasaradhi/build/ros2_hello_world' returned '0': CMAKE_PREFIX_PATH=${CMAKE_PREFIX_PATH}:/opt/ros/jazzy /usr/bin/cmake --build /home/mannava/Desktop/simple-hello-world-node-Mannava-Daasaradhi/build/ros2_hello_world -- -j32 -l32
[3.464s] DEBUG:colcon.colcon_core.event_handler.log_command:Invoking command in '/home/mannava/Desktop/simple-hello-world-node-Mannava-Daasaradhi/build/ros2_hello_world': CMAKE_PREFIX_PATH=${CMAKE_PREFIX_PATH}:/opt/ros/jazzy /usr/bin/cmake --install /home/mannava/Desktop/simple-hello-world-node-Mannava-Daasaradhi/build/ros2_hello_world
[3.475s] Level 1:colcon.colcon_core.environment:create_environment_scripts_only(ros2_hello_world)
[3.475s] DEBUG:colcon.colcon_core.event_handler.log_command:Invoked command in '/home/mannava/Desktop/simple-hello-world-node-Mannava-Daasaradhi/build/ros2_hello_world' returned '0': CMAKE_PREFIX_PATH=${CMAKE_PREFIX_PATH}:/opt/ros/jazzy /usr/bin/cmake --install /home/mannava/Desktop/simple-hello-world-node-Mannava-Daasaradhi/build/ros2_hello_world
[3.481s] Level 1:colcon.colcon_core.environment:checking '/home/mannava/Desktop/simple-hello-world-node-Mannava-Daasaradhi/install/ros2_hello_world' for CMake module files
[3.482s] Level 1:colcon.colcon_core.environment:checking '/home/mannava/Desktop/simple-hello-world-node-Mannava-Daasaradhi/install/ros2_hello_world' for CMake config files
[3.482s] Level 1:colcon.colcon_core.shell:create_environment_hook('ros2_hello_world', 'cmake_prefix_path')
[3.482s] INFO:colcon.colcon_core.shell:Creating environment hook '/home/mannava/Desktop/simple-hello-world-node-Mannava-Daasaradhi/install/ros2_hello_world/share/ros2_hello_world/hook/cmake_prefix_path.ps1'
[3.483s] INFO:colcon.colcon_core.shell:Creating environment descriptor '/home/mannava/Desktop/simple-hello-world-node-Mannava-Daasaradhi/install/ros2_hello_world/share/ros2_hello_world/hook/cmake_prefix_path.dsv'
[3.484s] INFO:colcon.colcon_core.shell:Creating environment hook '/home/mannava/Desktop/simple-hello-world-node-Mannava-Daasaradhi/install/ros2_hello_world/share/ros2_hello_world/hook/cmake_prefix_path.sh'
[3.486s] Level 1:colcon.colcon_core.environment:checking '/home/mannava/Desktop/simple-hello-world-node-Mannava-Daasaradhi/install/ros2_hello_world/bin'
[3.486s] Level 1:colcon.colcon_core.environment:checking '/home/mannava/Desktop/simple-hello-world-node-Mannava-Daasaradhi/install/ros2_hello_world/lib/pkgconfig/ros2_hello_world.pc'
[3.486s] Level 1:colcon.colcon_core.environment:checking '/home/mannava/Desktop/simple-hello-world-node-Mannava-Daasaradhi/install/ros2_hello_world/lib/python3.12/site-packages'
[3.487s] Level 1:colcon.colcon_core.environment:checking '/home/mannava/Desktop/simple-hello-world-node-Mannava-Daasaradhi/install/ros2_hello_world/bin'
[3.487s] INFO:colcon.colcon_core.shell:Creating package script '/home/mannava/Desktop/simple-hello-world-node-Mannava-Daasaradhi/install/ros2_hello_world/share/ros2_hello_world/package.ps1'
[3.488s] INFO:colcon.colcon_core.shell:Creating package descriptor '/home/mannava/Desktop/simple-hello-world-node-Mannava-Daasaradhi/install/ros2_hello_world/share/ros2_hello_world/package.dsv'
[3.489s] INFO:colcon.colcon_core.shell:Creating package script '/home/mannava/Desktop/simple-hello-world-node-Mannava-Daasaradhi/install/ros2_hello_world/share/ros2_hello_world/package.sh'
[3.490s] INFO:colcon.colcon_core.shell:Creating package script '/home/mannava/Desktop/simple-hello-world-node-Mannava-Daasaradhi/install/ros2_hello_world/share/ros2_hello_world/package.bash'
[3.491s] INFO:colcon.colcon_core.shell:Creating package script '/home/mannava/Desktop/simple-hello-world-node-Mannava-Daasaradhi/install/ros2_hello_world/share/ros2_hello_world/package.zsh'
[3.492s] Level 1:colcon.colcon_core.environment:create_file_with_runtime_dependencies(/home/mannava/Desktop/simple-hello-world-node-Mannava-Daasaradhi/install/ros2_hello_world/share/colcon-core/packages/ros2_hello_world)
[3.492s] Level 1:colcon.colcon_core.environment:create_environment_scripts_only(ros2_hello_world)
[3.492s] Level 1:colcon.colcon_core.environment:checking '/home/mannava/Desktop/simple-hello-world-node-Mannava-Daasaradhi/install/ros2_hello_world' for CMake module files
[3.493s] Level 1:colcon.colcon_core.environment:checking '/home/mannava/Desktop/simple-hello-world-node-Mannava-Daasaradhi/install/ros2_hello_world' for CMake config files
[3.493s] Level 1:colcon.colcon_core.shell:create_environment_hook('ros2_hello_world', 'cmake_prefix_path')
[3.493s] INFO:colcon.colcon_core.shell:Creating environment hook '/home/mannava/Desktop/simple-hello-world-node-Mannava-Daasaradhi/install/ros2_hello_world/share/ros2_hello_world/hook/cmake_prefix_path.ps1'
[3.494s] INFO:colcon.colcon_core.shell:Creating environment descriptor '/home/mannava/Desktop/simple-hello-world-node-Mannava-Daasaradhi/install/ros2_hello_world/share/ros2_hello_world/hook/cmake_prefix_path.dsv'
[3.494s] INFO:colcon.colcon_core.shell:Creating environment hook '/home/mannava/Desktop/simple-hello-world-node-Mannava-Daasaradhi/install/ros2_hello_world/share/ros2_hello_world/hook/cmake_prefix_path.sh'
[3.495s] Level 1:colcon.colcon_core.environment:checking '/home/mannava/Desktop/simple-hello-world-node-Mannava-Daasaradhi/install/ros2_hello_world/bin'
[3.495s] Level 1:colcon.colcon_core.environment:checking '/home/mannava/Desktop/simple-hello-world-node-Mannava-Daasaradhi/install/ros2_hello_world/lib/pkgconfig/ros2_hello_world.pc'
[3.495s] Level 1:colcon.colcon_core.environment:checking '/home/mannava/Desktop/simple-hello-world-node-Mannava-Daasaradhi/install/ros2_hello_world/lib/python3.12/site-packages'
[3.495s] Level 1:colcon.colcon_core.environment:checking '/home/mannava/Desktop/simple-hello-world-node-Mannava-Daasaradhi/install/ros2_hello_world/bin'
[3.495s] INFO:colcon.colcon_core.shell:Creating package script '/home/mannava/Desktop/simple-hello-world-node-Mannava-Daasaradhi/install/ros2_hello_world/share/ros2_hello_world/package.ps1'
[3.496s] INFO:colcon.colcon_core.shell:Creating package descriptor '/home/mannava/Desktop/simple-hello-world-node-Mannava-Daasaradhi/install/ros2_hello_world/share/ros2_hello_world/package.dsv'
[3.496s] INFO:colcon.colcon_core.shell:Creating package script '/home/mannava/Desktop/simple-hello-world-node-Mannava-Daasaradhi/install/ros2_hello_world/share/ros2_hello_world/package.sh'
[3.496s] INFO:colcon.colcon_core.shell:Creating package script '/home/mannava/Desktop/simple-hello-world-node-Mannava-Daasaradhi/install/ros2_hello_world/share/ros2_hello_world/package.bash'
[3.497s] INFO:colcon.colcon_core.shell:Creating package script '/home/mannava/Desktop/simple-hello-world-node-Mannava-Daasaradhi/install/ros2_hello_world/share/ros2_hello_world/package.zsh'
[3.497s] Level 1:colcon.colcon_core.environment:create_file_with_runtime_dependencies(/home/mannava/Desktop/simple-hello-world-node-Mannava-Daasaradhi/install/ros2_hello_world/share/colcon-core/packages/ros2_hello_world)
[3.497s] DEBUG:colcon.colcon_parallel_executor.executor.parallel:closing loop
[3.497s] DEBUG:colcon.colcon_parallel_executor.executor.parallel:loop closed
[3.497s] DEBUG:colcon.colcon_parallel_executor.executor.parallel:run_until_complete finished with '0'
[3.497s] DEBUG:colcon.colcon_core.event_reactor:joining thread
[3.504s] INFO:colcon.colcon_core.plugin_system:Skipping extension 'colcon_notification.desktop_notification.terminal_notifier': Not used on non-Darwin systems
[3.504s] INFO:colcon.colcon_core.plugin_system:Skipping extension 'colcon_notification.desktop_notification.win32': Not used on non-Windows systems
[3.504s] INFO:colcon.colcon_notification.desktop_notification:Sending desktop notification using 'notify2'
[3.518s] DEBUG:colcon.colcon_core.event_reactor:joined thread
[3.518s] INFO:colcon.colcon_core.shell:Creating prefix script '/home/mannava/Desktop/simple-hello-world-node-Mannava-Daasaradhi/install/local_setup.ps1'
[3.520s] INFO:colcon.colcon_core.shell:Creating prefix util module '/home/mannava/Desktop/simple-hello-world-node-Mannava-Daasaradhi/install/_local_setup_util_ps1.py'
[3.522s] INFO:colcon.colcon_core.shell:Creating prefix chain script '/home/mannava/Desktop/simple-hello-world-node-Mannava-Daasaradhi/install/setup.ps1'
[3.523s] INFO:colcon.colcon_core.shell:Creating prefix script '/home/mannava/Desktop/simple-hello-world-node-Mannava-Daasaradhi/install/local_setup.sh'
[3.524s] INFO:colcon.colcon_core.shell:Creating prefix util module '/home/mannava/Desktop/simple-hello-world-node-Mannava-Daasaradhi/install/_local_setup_util_sh.py'
[3.526s] INFO:colcon.colcon_core.shell:Creating prefix chain script '/home/mannava/Desktop/simple-hello-world-node-Mannava-Daasaradhi/install/setup.sh'
[3.528s] INFO:colcon.colcon_core.shell:Creating prefix script '/home/mannava/Desktop/simple-hello-world-node-Mannava-Daasaradhi/install/local_setup.bash'
[3.528s] INFO:colcon.colcon_core.shell:Creating prefix chain script '/home/mannava/Desktop/simple-hello-world-node-Mannava-Daasaradhi/install/setup.bash'
[3.530s] INFO:colcon.colcon_core.shell:Creating prefix script '/home/mannava/Desktop/simple-hello-world-node-Mannava-Daasaradhi/install/local_setup.zsh'
[3.530s] INFO:colcon.colcon_core.shell:Creating prefix chain script '/home/mannava/Desktop/simple-hello-world-node-Mannava-Daasaradhi/install/setup.zsh'
